<?xml version="1.0" encoding="UTF-8"?>
<!-- Generated by org.testng.reporters.JUnitReportReporter -->
<testsuite hostname="DESKTOP-JI6CVOG" failures="0" tests="1" name="com.testing.TestExecution" time="7.137" errors="0" timestamp="2021-07-16T21:33:18 EDT" skipped="0">
  <testcase classname="com.testing.TestExecution" name="login" time="7.137"/>
  <system-out/>
</testsuite> <!-- com.testing.TestExecution -->
